-------------------------------------------------------------------------------
Test set: com.devsecops.usermgmt.security.JwtTokenProviderTest
-------------------------------------------------------------------------------
Tests run: 4, Failures: 0, Errors: 4, Skipped: 0, Time elapsed: 0.017 s <<< FAILURE! -- in com.devsecops.usermgmt.security.JwtTokenProviderTest
com.devsecops.usermgmt.security.JwtTokenProviderTest.getUsernameFromTokenExtractsSubject -- Time elapsed: 0.006 s <<< ERROR!
java.lang.IllegalStateException: JWT_SECRET must be at least 32 characters long for HS256
	at com.devsecops.usermgmt.security.JwtTokenProvider.init(JwtTokenProvider.java:47)
	at com.devsecops.usermgmt.security.JwtTokenProviderTest.setUp(JwtTokenProviderTest.java:38)
	at java.base/java.lang.reflect.Method.invoke(Method.java:569)
	at java.base/java.util.ArrayList.forEach(ArrayList.java:1511)
	at java.base/java.util.ArrayList.forEach(ArrayList.java:1511)

com.devsecops.usermgmt.security.JwtTokenProviderTest.generateTokenProducesNonNullThreePartJwt -- Time elapsed: 0.002 s <<< ERROR!
java.lang.IllegalStateException: JWT_SECRET must be at least 32 characters long for HS256
	at com.devsecops.usermgmt.security.JwtTokenProvider.init(JwtTokenProvider.java:47)
	at com.devsecops.usermgmt.security.JwtTokenProviderTest.setUp(JwtTokenProviderTest.java:38)
	at java.base/java.lang.reflect.Method.invoke(Method.java:569)
	at java.base/java.util.ArrayList.forEach(ArrayList.java:1511)
	at java.base/java.util.ArrayList.forEach(ArrayList.java:1511)

com.devsecops.usermgmt.security.JwtTokenProviderTest.validateTokenReturnsTrueForFreshlyIssuedToken -- Time elapsed: 0.002 s <<< ERROR!
java.lang.IllegalStateException: JWT_SECRET must be at least 32 characters long for HS256
	at com.devsecops.usermgmt.security.JwtTokenProvider.init(JwtTokenProvider.java:47)
	at com.devsecops.usermgmt.security.JwtTokenProviderTest.setUp(JwtTokenProviderTest.java:38)
	at java.base/java.lang.reflect.Method.invoke(Method.java:569)
	at java.base/java.util.ArrayList.forEach(ArrayList.java:1511)
	at java.base/java.util.ArrayList.forEach(ArrayList.java:1511)

com.devsecops.usermgmt.security.JwtTokenProviderTest.validateTokenReturnsFalseForGarbledToken -- Time elapsed: 0.002 s <<< ERROR!
java.lang.IllegalStateException: JWT_SECRET must be at least 32 characters long for HS256
	at com.devsecops.usermgmt.security.JwtTokenProvider.init(JwtTokenProvider.java:47)
	at com.devsecops.usermgmt.security.JwtTokenProviderTest.setUp(JwtTokenProviderTest.java:38)
	at java.base/java.lang.reflect.Method.invoke(Method.java:569)
	at java.base/java.util.ArrayList.forEach(ArrayList.java:1511)
	at java.base/java.util.ArrayList.forEach(ArrayList.java:1511)

