<?xml version="1.0" encoding="UTF-8"?>
<testsuite xmlns:xsi="http://www.w3.org/2001/XMLSchema-instance" xsi:noNamespaceSchemaLocation="https://maven.apache.org/surefire/maven-surefire-plugin/xsd/surefire-test-report-3.0.xsd" version="3.0" name="com.devsecops.usermgmt.controller.AdminControllerTest" time="10.657" tests="3" errors="0" skipped="0" failures="0">
  <properties>
[...]
</properties>
  <testcase name="getAllUsersAsAdminReturnsOk" classname="com.devsecops.usermgmt.controller.AdminControllerTest" time="0.566">
    <system-out><![CDATA[19:31:08.322 [main] INFO org.springframework.test.context.support.AnnotationConfigContextLoaderUtils -- Could not detect default configuration classes for test class [com.devsecops.usermgmt.controller.AdminControllerTest]: AdminControllerTest does not declare any static, non-private, non-final, nested classes annotated with @Configuration.
19:31:08.804 [main] INFO org.springframework.boot.test.context.SpringBootTestContextBootstrapper -- Found @SpringBootConfiguration com.devsecops.usermgmt.ApiDevsecopsApplication for test class com.devsecops.usermgmt.controller.AdminControllerTest
19:31:08,060 |-INFO in ch.qos.logback.classic.LoggerContext[default] - This is logback-classic version 1.4.14
19:31:08,066 |-INFO in ch.qos.logback.classic.util.ContextInitializer@6bda1d19 - Here is a list of configurators discovered as a service, by rank: 
19:31:08,066 |-INFO in ch.qos.logback.classic.util.ContextInitializer@6bda1d19 -   org.springframework.boot.logging.logback.RootLogLevelConfigurator
19:31:08,066 |-INFO in ch.qos.logback.classic.util.ContextInitializer@6bda1d19 - They will be invoked in order until ExecutionStatus.DO_NOT_INVOKE_NEXT_IF_ANY is returned.
19:31:08,066 |-INFO in ch.qos.logback.classic.util.ContextInitializer@6bda1d19 - Constructed configurator of type class org.springframework.boot.logging.logback.RootLogLevelConfigurator
19:31:08,074 |-INFO in ch.qos.logback.classic.util.ContextInitializer@6bda1d19 - org.springframework.boot.logging.logback.RootLogLevelConfigurator.configure() call lasted 1 milliseconds. ExecutionStatus=INVOKE_NEXT_IF_ANY
19:31:08,075 |-INFO in ch.qos.logback.classic.util.ContextInitializer@6bda1d19 - Trying to configure with ch.qos.logback.classic.joran.SerializedModelConfigurator
19:31:08,076 |-INFO in ch.qos.logback.classic.util.ContextInitializer@6bda1d19 - Constructed configurator of type class ch.qos.logback.classic.joran.SerializedModelConfigurator
19:31:08,082 |-INFO in ch.qos.logback.classic.LoggerContext[default] - Could NOT find resource [logback-test.scmo]
19:31:08,083 |-INFO in ch.qos.logback.classic.LoggerContext[default] - Could NOT find resource [logback.scmo]
19:31:08,083 |-INFO in ch.qos.logback.classic.util.ContextInitializer@6bda1d19 - ch.qos.logback.classic.joran.SerializedModelConfigurator.configure() call lasted 7 milliseconds. ExecutionStatus=INVOKE_NEXT_IF_ANY
19:31:08,083 |-INFO in ch.qos.logback.classic.util.ContextInitializer@6bda1d19 - Trying to configure with ch.qos.logback.classic.util.DefaultJoranConfigurator
19:31:08,084 |-INFO in ch.qos.logback.classic.util.ContextInitializer@6bda1d19 - Constructed configurator of type class ch.qos.logback.classic.util.DefaultJoranConfigurator
19:31:08,084 |-INFO in ch.qos.logback.classic.LoggerContext[default] - Could NOT find resource [logback-test.xml]
19:31:08,085 |-INFO in ch.qos.logback.classic.LoggerContext[default] - Could NOT find resource [logback.xml]
19:31:08,085 |-INFO in ch.qos.logback.classic.util.ContextInitializer@6bda1d19 - ch.qos.logback.classic.util.DefaultJoranConfigurator.configure() call lasted 1 milliseconds. ExecutionStatus=INVOKE_NEXT_IF_ANY
19:31:08,085 |-INFO in ch.qos.logback.classic.util.ContextInitializer@6bda1d19 - Trying to configure with ch.qos.logback.classic.BasicConfigurator
19:31:08,086 |-INFO in ch.qos.logback.classic.util.ContextInitializer@6bda1d19 - Constructed configurator of type class ch.qos.logback.classic.BasicConfigurator
19:31:08,086 |-INFO in ch.qos.logback.classic.BasicConfigurator@28c86134 - Setting up default configuration.
19:31:08,114 |-INFO in ch.qos.logback.classic.util.ContextInitializer@6bda1d19 - ch.qos.logback.classic.BasicConfigurator.configure() call lasted 28 milliseconds. ExecutionStatus=NEUTRAL
19:31:09,766 |-INFO in ch.qos.logback.core.joran.util.ConfigurationWatchListUtil@4492eede - Adding [jar:file:/C:/Users/acer/.m2/repository/org/springframework/boot/spring-boot/3.2.5/spring-boot-3.2.5.jar!/org/springframework/boot/logging/logback/defaults.xml] to configuration watch list.
19:31:09,767 |-INFO in ch.qos.logback.core.joran.spi.ConfigurationWatchList@cbc8d0f - URL [jar:file:/C:/Users/acer/.m2/repository/org/springframework/boot/spring-boot/3.2.5/spring-boot-3.2.5.jar!/org/springframework/boot/logging/logback/defaults.xml] is not of type file
19:31:09,770 |-INFO in ch.qos.logback.core.joran.action.ConversionRuleAction - registering conversion word applicationName with class [org.springframework.boot.logging.logback.ApplicationNameConverter]
19:31:09,770 |-INFO in ch.qos.logback.core.joran.action.ConversionRuleAction - registering conversion word clr with class [org.springframework.boot.logging.logback.ColorConverter]
19:31:09,770 |-INFO in ch.qos.logback.core.joran.action.ConversionRuleAction - registering conversion word correlationId with class [org.springframework.boot.logging.logback.CorrelationIdConverter]
19:31:09,770 |-INFO in ch.qos.logback.core.joran.action.ConversionRuleAction - registering conversion word wex with class [org.springframework.boot.logging.logback.WhitespaceThrowableProxyConverter]
19:31:09,770 |-INFO in ch.qos.logback.core.joran.action.ConversionRuleAction - registering conversion word wEx with class [org.springframework.boot.logging.logback.ExtendedWhitespaceThrowableProxyConverter]
19:31:09,858 |-INFO in ch.qos.logback.classic.model.processor.LoggerModelHandler - Setting level of logger [org.apache.catalina.startup.DigesterFactory] to ERROR
19:31:09,859 |-INFO in ch.qos.logback.classic.jul.LevelChangePropagator@37b57b54 - Propagating ERROR level on Logger[org.apache.catalina.startup.DigesterFactory] onto the JUL framework
19:31:09,861 |-INFO in ch.qos.logback.classic.model.processor.LoggerModelHandler - Setting level of logger [org.apache.catalina.util.LifecycleBase] to ERROR
19:31:09,861 |-INFO in ch.qos.logback.classic.jul.LevelChangePropagator@37b57b54 - Propagating ERROR level on Logger[org.apache.catalina.util.LifecycleBase] onto the JUL framework
19:31:09,861 |-INFO in ch.qos.logback.classic.model.processor.LoggerModelHandler - Setting level of logger [org.apache.coyote.http11.Http11NioProtocol] to WARN
19:31:09,861 |-INFO in ch.qos.logback.classic.jul.LevelChangePropagator@37b57b54 - Propagating WARN level on Logger[org.apache.coyote.http11.Http11NioProtocol] onto the JUL framework
19:31:09,861 |-INFO in ch.qos.logback.classic.model.processor.LoggerModelHandler - Setting level of logger [org.apache.sshd.common.util.SecurityUtils] to WARN
19:31:09,861 |-INFO in ch.qos.logback.classic.jul.LevelChangePropagator@37b57b54 - Propagating WARN level on Logger[org.apache.sshd.common.util.SecurityUtils] onto the JUL framework
19:31:09,862 |-INFO in ch.qos.logback.classic.model.processor.LoggerModelHandler - Setting level of logger [org.apache.tomcat.util.net.NioSelectorPool] to WARN
19:31:09,862 |-INFO in ch.qos.logback.classic.jul.LevelChangePropagator@37b57b54 - Propagating WARN level on Logger[org.apache.tomcat.util.net.NioSelectorPool] onto the JUL framework
19:31:09,862 |-INFO in ch.qos.logback.classic.model.processor.LoggerModelHandler - Setting level of logger [org.eclipse.jetty.util.component.AbstractLifeCycle] to ERROR
19:31:09,862 |-INFO in ch.qos.logback.classic.jul.LevelChangePropagator@37b57b54 - Propagating ERROR level on Logger[org.eclipse.jetty.util.component.AbstractLifeCycle] onto the JUL framework
19:31:09,862 |-INFO in ch.qos.logback.classic.model.processor.LoggerModelHandler - Setting level of logger [org.hibernate.validator.internal.util.Version] to WARN
19:31:09,862 |-INFO in ch.qos.logback.classic.jul.LevelChangePropagator@37b57b54 - Propagating WARN level on Logger[org.hibernate.validator.internal.util.Version] onto the JUL framework
19:31:09,862 |-INFO in ch.qos.logback.classic.model.processor.LoggerModelHandler - Setting level of logger [org.springframework.boot.actuate.endpoint.jmx] to WARN
19:31:09,862 |-INFO in ch.qos.logback.classic.jul.LevelChangePropagator@37b57b54 - Propagating WARN level on Logger[org.springframework.boot.actuate.endpoint.jmx] onto the JUL framework
19:31:09,863 |-INFO in ch.qos.logback.core.model.processor.AppenderModelHandler - Processing appender named [JSON_CONSOLE]
19:31:09,863 |-INFO in ch.qos.logback.core.model.processor.AppenderModelHandler - About to instantiate appender of type [ch.qos.logback.core.ConsoleAppender]
19:31:09,928 |-INFO in ch.qos.logback.core.model.processor.ImplicitModelHandler - Assuming default type [net.logstash.logback.fieldnames.LogstashFieldNames] for [fieldNames] property
19:31:09,938 |-WARN in ch.qos.logback.core.model.processor.ImplicitModelHandler - Ignoring unknown property [maxDepthPerCause] in [net.logstash.logback.stacktrace.ShortenedThrowableConverter]
19:31:10,420 |-WARN in ch.qos.logback.core.model.processor.AppenderModelHandler - Appender named [PLAIN_CONSOLE] not referenced. Skipping further processing.
19:31:10,420 |-INFO in ch.qos.logback.core.model.processor.AppenderModelHandler - Processing appender named [JSON_FILE]
19:31:10,420 |-INFO in ch.qos.logback.core.model.processor.AppenderModelHandler - About to instantiate appender of type [ch.qos.logback.core.rolling.RollingFileAppender]
19:31:10,448 |-INFO in c.q.l.core.rolling.TimeBasedRollingPolicy@1545563479 - setting totalSizeCap to 500 MB
19:31:10,469 |-INFO in c.q.l.core.rolling.TimeBasedRollingPolicy@1545563479 - Will use gz compression
19:31:10,470 |-INFO in c.q.l.core.rolling.TimeBasedRollingPolicy@1545563479 - Will use the pattern logs/application.%d{yyyy-MM-dd}.log for the active file
19:31:10,480 |-INFO in c.q.l.core.rolling.DefaultTimeBasedFileNamingAndTriggeringPolicy - The date pattern is 'yyyy-MM-dd' from file name pattern 'logs/application.%d{yyyy-MM-dd}.log.gz'.
19:31:10,480 |-INFO in c.q.l.core.rolling.DefaultTimeBasedFileNamingAndTriggeringPolicy - Roll-over at midnight.
19:31:10,482 |-INFO in c.q.l.core.rolling.DefaultTimeBasedFileNamingAndTriggeringPolicy - Setting initial period to 2026-06-07T17:30:16.963Z
19:31:10,504 |-INFO in ch.qos.logback.core.rolling.RollingFileAppender[JSON_FILE] - Active log file name: logs/application.log
19:31:10,504 |-INFO in ch.qos.logback.core.rolling.RollingFileAppender[JSON_FILE] - File property is set to [logs/application.log]
19:31:10,506 |-INFO in ch.qos.logback.classic.model.processor.RootLoggerModelHandler - Setting level of ROOT logger to INFO
19:31:10,506 |-INFO in ch.qos.logback.classic.jul.LevelChangePropagator@37b57b54 - Propagating INFO level on Logger[ROOT] onto the JUL framework
19:31:10,506 |-INFO in ch.qos.logback.core.model.processor.AppenderRefModelHandler - Attaching appender named [JSON_CONSOLE] to Logger[ROOT]
19:31:10,506 |-INFO in ch.qos.logback.core.model.processor.AppenderRefModelHandler - Attaching appender named [JSON_FILE] to Logger[ROOT]
19:31:10,506 |-INFO in ch.qos.logback.classic.model.processor.LoggerModelHandler - Setting level of logger [org.hibernate.SQL] to WARN
19:31:10,506 |-INFO in ch.qos.logback.classic.jul.LevelChangePropagator@37b57b54 - Propagating WARN level on Logger[org.hibernate.SQL] onto the JUL framework
19:31:10,507 |-INFO in ch.qos.logback.classic.model.processor.LoggerModelHandler - Setting level of logger [org.springframework.security] to WARN
19:31:10,507 |-INFO in ch.qos.logback.classic.jul.LevelChangePropagator@37b57b54 - Propagating WARN level on Logger[org.springframework.security] onto the JUL framework
19:31:10,507 |-INFO in ch.qos.logback.classic.model.processor.LoggerModelHandler - Setting level of logger [org.springframework.web] to INFO
19:31:10,507 |-INFO in ch.qos.logback.classic.jul.LevelChangePropagator@37b57b54 - Propagating INFO level on Logger[org.springframework.web] onto the JUL framework
19:31:10,508 |-INFO in ch.qos.logback.classic.model.processor.LoggerModelHandler - Setting level of logger [com.devsecops.usermgmt] to DEBUG
19:31:10,508 |-INFO in ch.qos.logback.classic.jul.LevelChangePropagator@37b57b54 - Propagating DEBUG level on Logger[com.devsecops.usermgmt] onto the JUL framework
19:31:10,508 |-INFO in ch.qos.logback.core.model.processor.DefaultProcessor@f288c14 - End of configuration.
19:31:10,508 |-INFO in org.springframework.boot.logging.logback.SpringBootJoranConfigurator@6794ac0b - Registering current configuration as safe fallback point


  .   ____          _            __ _ _
 /\\ / ___'_ __ _ _(_)_ __  __ _ \ \ \ \
( ( )\___ | '_ | '_| | '_ \/ _` | \ \ \ \
 \\/  ___)| |_)| | | | | || (_| |  ) ) ) )
  '  |____| .__|_| |_|_| |_\__, | / / / /
 =========|_|==============|___/=/_/_/_/
 :: Spring Boot ::                (v3.2.5)

{"timestamp":"2026-06-07T19:31:10.7188484+02:00","@version":"1","message":"Starting AdminControllerTest using Java 21.0.10 with PID 30076 (started by acer in C:\\Users\\acer\\Downloads\\Projet pfe\\repo)","logger":"com.devsecops.usermgmt.controller.AdminControllerTest","thread":"main","level":"INFO","APP_NAME":"api-devsecops-usermgmt","service":"api-devsecops-usermgmt"}
{"timestamp":"2026-06-07T19:31:10.751606+02:00","@version":"1","message":"Running with Spring Boot v3.2.5, Spring v6.1.6","logger":"com.devsecops.usermgmt.controller.AdminControllerTest","thread":"main","level":"DEBUG","APP_NAME":"api-devsecops-usermgmt","service":"api-devsecops-usermgmt"}
{"timestamp":"2026-06-07T19:31:10.7537186+02:00","@version":"1","message":"No active profile set, falling back to 1 default profile: \"default\"","logger":"com.devsecops.usermgmt.controller.AdminControllerTest","thread":"main","level":"INFO","APP_NAME":"api-devsecops-usermgmt","service":"api-devsecops-usermgmt"}
{"timestamp":"2026-06-07T19:31:17.7632234+02:00","@version":"1","message":"Filter 'requestLoggingFilter' configured for use","logger":"com.devsecops.usermgmt.filter.RequestLoggingFilter","thread":"main","level":"DEBUG","APP_NAME":"api-devsecops-usermgmt","service":"api-devsecops-usermgmt"}
{"timestamp":"2026-06-07T19:31:17.7642222+02:00","@version":"1","message":"Filter 'rateLimitingFilter' configured for use","logger":"com.devsecops.usermgmt.filter.RateLimitingFilter","thread":"main","level":"DEBUG","APP_NAME":"api-devsecops-usermgmt","service":"api-devsecops-usermgmt"}
{"timestamp":"2026-06-07T19:31:17.764728+02:00","@version":"1","message":"Filter 'jwtAuthenticationFilter' configured for use","logger":"com.devsecops.usermgmt.security.JwtAuthenticationFilter","thread":"main","level":"DEBUG","APP_NAME":"api-devsecops-usermgmt","service":"api-devsecops-usermgmt"}
{"timestamp":"2026-06-07T19:31:17.7845396+02:00","@version":"1","message":"Initializing Spring TestDispatcherServlet ''","logger":"org.springframework.boot.test.mock.web.SpringBootMockServletContext","thread":"main","level":"INFO","APP_NAME":"api-devsecops-usermgmt","service":"api-devsecops-usermgmt"}
{"timestamp":"2026-06-07T19:31:17.7860473+02:00","@version":"1","message":"Initializing Servlet ''","logger":"org.springframework.test.web.servlet.TestDispatcherServlet","thread":"main","level":"INFO","APP_NAME":"api-devsecops-usermgmt","service":"api-devsecops-usermgmt"}
{"timestamp":"2026-06-07T19:31:17.7923747+02:00","@version":"1","message":"Completed initialization in 2 ms","logger":"org.springframework.test.web.servlet.TestDispatcherServlet","thread":"main","level":"INFO","APP_NAME":"api-devsecops-usermgmt","service":"api-devsecops-usermgmt"}
{"timestamp":"2026-06-07T19:31:17.8460936+02:00","@version":"1","message":"Started AdminControllerTest in 8.792 seconds (process running for 11.575)","logger":"com.devsecops.usermgmt.controller.AdminControllerTest","thread":"main","level":"INFO","APP_NAME":"api-devsecops-usermgmt","service":"api-devsecops-usermgmt"}
{"timestamp":"2026-06-07T19:31:18.3750481+02:00","@version":"1","message":"HTTP GET /api/admin/users -> 200 (229ms)","logger":"com.devsecops.usermgmt.filter.RequestLoggingFilter","thread":"main","level":"INFO","APP_NAME":"api-devsecops-usermgmt","traceId":"1a79d63b-4df8-4300-8da2-95f5f7bcc393","duration":"229ms","path":"/api/admin/users","method":"GET","requestId":"1ad46b07-54fa-4f4a-8c3c-fd79f12843c6","service":"api-devsecops-usermgmt"}
]]></system-out>
    <system-err><![CDATA[WARNING: A Java agent has been loaded dynamically (C:\Users\acer\.m2\repository\net\bytebuddy\byte-buddy-agent\1.14.13\byte-buddy-agent-1.14.13.jar)
WARNING: If a serviceability tool is in use, please run with -XX:+EnableDynamicAgentLoading to hide this warning
WARNING: If a serviceability tool is not in use, please run with -Djdk.instrument.traceUsage for more information
WARNING: Dynamic loading of agents will be disallowed by default in a future release
]]></system-err>
  </testcase>
  <testcase name="deleteUserAsAdminReturnsNoContent" classname="com.devsecops.usermgmt.controller.AdminControllerTest" time="0.04">
    <system-out><![CDATA[{"timestamp":"2026-06-07T19:31:18.496493+02:00","@version":"1","message":"HTTP DELETE /api/admin/users/1 -> 204 (6ms)","logger":"com.devsecops.usermgmt.filter.RequestLoggingFilter","thread":"main","level":"INFO","APP_NAME":"api-devsecops-usermgmt","traceId":"21a66b2f-652d-44e8-acc5-a1849d8e4e2f","duration":"6ms","path":"/api/admin/users/1","method":"DELETE","requestId":"7a074f84-1639-4c0a-b822-e5a56fc410bc","service":"api-devsecops-usermgmt"}
]]></system-out>
  </testcase>
  <testcase name="getAllUsersAsRegularUserIsForbidden" classname="com.devsecops.usermgmt.controller.AdminControllerTest" time="0.025"/>
</testsuite>