<?xml version="1.0" encoding="UTF-8"?>
<testsuite xmlns:xsi="http://www.w3.org/2001/XMLSchema-instance" xsi:noNamespaceSchemaLocation="https://maven.apache.org/surefire/maven-surefire-plugin/xsd/surefire-test-report-3.0.xsd" version="3.0" name="com.devsecops.usermgmt.controller.AdminControllerTest" time="10.894" tests="3" errors="0" skipped="0" failures="3">
  <properties>
[...]
</properties>
  <testcase name="getAllUsersAsAdminReturnsOk" classname="com.devsecops.usermgmt.controller.AdminControllerTest" time="0.264">
    <failure message="Status expected:&lt;200&gt; but was:&lt;401&gt;" type="java.lang.AssertionError"><![CDATA[java.lang.AssertionError: Status expected:<200> but was:<401>
	at org.springframework.test.util.AssertionErrors.fail(AssertionErrors.java:59)
	at org.springframework.test.util.AssertionErrors.assertEquals(AssertionErrors.java:122)
	at org.springframework.test.web.servlet.result.StatusResultMatchers.lambda$matcher$9(StatusResultMatchers.java:637)
	at org.springframework.test.web.servlet.MockMvc$1.andExpect(MockMvc.java:214)
	at com.devsecops.usermgmt.controller.AdminControllerTest.getAllUsersAsAdminReturnsOk(AdminControllerTest.java:81)
	at java.base/java.lang.reflect.Method.invoke(Method.java:569)
	at java.base/java.util.ArrayList.forEach(ArrayList.java:1511)
	at java.base/java.util.ArrayList.forEach(ArrayList.java:1511)
]]></failure>
    <system-out><![CDATA[19:22:31.690 [main] INFO org.springframework.test.context.support.AnnotationConfigContextLoaderUtils -- Could not detect default configuration classes for test class [com.devsecops.usermgmt.controller.AdminControllerTest]: AdminControllerTest does not declare any static, non-private, non-final, nested classes annotated with @Configuration.
19:22:32.171 [main] INFO org.springframework.boot.test.context.SpringBootTestContextBootstrapper -- Found @SpringBootConfiguration com.devsecops.usermgmt.ApiDevsecopsApplication for test class com.devsecops.usermgmt.controller.AdminControllerTest
19:22:31,429 |-INFO in ch.qos.logback.classic.LoggerContext[default] - This is logback-classic version 1.4.14
19:22:31,433 |-INFO in ch.qos.logback.classic.util.ContextInitializer@472698d - Here is a list of configurators discovered as a service, by rank: 
19:22:31,433 |-INFO in ch.qos.logback.classic.util.ContextInitializer@472698d -   org.springframework.boot.logging.logback.RootLogLevelConfigurator
19:22:31,433 |-INFO in ch.qos.logback.classic.util.ContextInitializer@472698d - They will be invoked in order until ExecutionStatus.DO_NOT_INVOKE_NEXT_IF_ANY is returned.
19:22:31,433 |-INFO in ch.qos.logback.classic.util.ContextInitializer@472698d - Constructed configurator of type class org.springframework.boot.logging.logback.RootLogLevelConfigurator
19:22:31,443 |-INFO in ch.qos.logback.classic.util.ContextInitializer@472698d - org.springframework.boot.logging.logback.RootLogLevelConfigurator.configure() call lasted 0 milliseconds. ExecutionStatus=INVOKE_NEXT_IF_ANY
19:22:31,444 |-INFO in ch.qos.logback.classic.util.ContextInitializer@472698d - Trying to configure with ch.qos.logback.classic.joran.SerializedModelConfigurator
19:22:31,446 |-INFO in ch.qos.logback.classic.util.ContextInitializer@472698d - Constructed configurator of type class ch.qos.logback.classic.joran.SerializedModelConfigurator
19:22:31,448 |-INFO in ch.qos.logback.classic.LoggerContext[default] - Could NOT find resource [logback-test.scmo]
19:22:31,450 |-INFO in ch.qos.logback.classic.LoggerContext[default] - Could NOT find resource [logback.scmo]
19:22:31,450 |-INFO in ch.qos.logback.classic.util.ContextInitializer@472698d - ch.qos.logback.classic.joran.SerializedModelConfigurator.configure() call lasted 4 milliseconds. ExecutionStatus=INVOKE_NEXT_IF_ANY
19:22:31,450 |-INFO in ch.qos.logback.classic.util.ContextInitializer@472698d - Trying to configure with ch.qos.logback.classic.util.DefaultJoranConfigurator
19:22:31,451 |-INFO in ch.qos.logback.classic.util.ContextInitializer@472698d - Constructed configurator of type class ch.qos.logback.classic.util.DefaultJoranConfigurator
19:22:31,451 |-INFO in ch.qos.logback.classic.LoggerContext[default] - Could NOT find resource [logback-test.xml]
19:22:31,451 |-INFO in ch.qos.logback.classic.LoggerContext[default] - Could NOT find resource [logback.xml]
19:22:31,451 |-INFO in ch.qos.logback.classic.util.ContextInitializer@472698d - ch.qos.logback.classic.util.DefaultJoranConfigurator.configure() call lasted 0 milliseconds. ExecutionStatus=INVOKE_NEXT_IF_ANY
19:22:31,451 |-INFO in ch.qos.logback.classic.util.ContextInitializer@472698d - Trying to configure with ch.qos.logback.classic.BasicConfigurator
19:22:31,453 |-INFO in ch.qos.logback.classic.util.ContextInitializer@472698d - Constructed configurator of type class ch.qos.logback.classic.BasicConfigurator
19:22:31,453 |-INFO in ch.qos.logback.classic.BasicConfigurator@7b7683d4 - Setting up default configuration.
19:22:31,472 |-INFO in ch.qos.logback.classic.util.ContextInitializer@472698d - ch.qos.logback.classic.BasicConfigurator.configure() call lasted 19 milliseconds. ExecutionStatus=NEUTRAL
19:22:32,999 |-INFO in ch.qos.logback.core.joran.util.ConfigurationWatchListUtil@40712ee9 - Adding [jar:file:/C:/Users/acer/.m2/repository/org/springframework/boot/spring-boot/3.2.5/spring-boot-3.2.5.jar!/org/springframework/boot/logging/logback/defaults.xml] to configuration watch list.
19:22:33,000 |-INFO in ch.qos.logback.core.joran.spi.ConfigurationWatchList@2e53b094 - URL [jar:file:/C:/Users/acer/.m2/repository/org/springframework/boot/spring-boot/3.2.5/spring-boot-3.2.5.jar!/org/springframework/boot/logging/logback/defaults.xml] is not of type file
19:22:33,003 |-INFO in ch.qos.logback.core.joran.action.ConversionRuleAction - registering conversion word applicationName with class [org.springframework.boot.logging.logback.ApplicationNameConverter]
19:22:33,003 |-INFO in ch.qos.logback.core.joran.action.ConversionRuleAction - registering conversion word clr with class [org.springframework.boot.logging.logback.ColorConverter]
19:22:33,003 |-INFO in ch.qos.logback.core.joran.action.ConversionRuleAction - registering conversion word correlationId with class [org.springframework.boot.logging.logback.CorrelationIdConverter]
19:22:33,003 |-INFO in ch.qos.logback.core.joran.action.ConversionRuleAction - registering conversion word wex with class [org.springframework.boot.logging.logback.WhitespaceThrowableProxyConverter]
19:22:33,003 |-INFO in ch.qos.logback.core.joran.action.ConversionRuleAction - registering conversion word wEx with class [org.springframework.boot.logging.logback.ExtendedWhitespaceThrowableProxyConverter]
19:22:33,097 |-INFO in ch.qos.logback.classic.model.processor.LoggerModelHandler - Setting level of logger [org.apache.catalina.startup.DigesterFactory] to ERROR
19:22:33,097 |-INFO in ch.qos.logback.classic.jul.LevelChangePropagator@39fa8ad2 - Propagating ERROR level on Logger[org.apache.catalina.startup.DigesterFactory] onto the JUL framework
19:22:33,098 |-INFO in ch.qos.logback.classic.model.processor.LoggerModelHandler - Setting level of logger [org.apache.catalina.util.LifecycleBase] to ERROR
19:22:33,098 |-INFO in ch.qos.logback.classic.jul.LevelChangePropagator@39fa8ad2 - Propagating ERROR level on Logger[org.apache.catalina.util.LifecycleBase] onto the JUL framework
19:22:33,098 |-INFO in ch.qos.logback.classic.model.processor.LoggerModelHandler - Setting level of logger [org.apache.coyote.http11.Http11NioProtocol] to WARN
19:22:33,098 |-INFO in ch.qos.logback.classic.jul.LevelChangePropagator@39fa8ad2 - Propagating WARN level on Logger[org.apache.coyote.http11.Http11NioProtocol] onto the JUL framework
19:22:33,098 |-INFO in ch.qos.logback.classic.model.processor.LoggerModelHandler - Setting level of logger [org.apache.sshd.common.util.SecurityUtils] to WARN
19:22:33,098 |-INFO in ch.qos.logback.classic.jul.LevelChangePropagator@39fa8ad2 - Propagating WARN level on Logger[org.apache.sshd.common.util.SecurityUtils] onto the JUL framework
19:22:33,098 |-INFO in ch.qos.logback.classic.model.processor.LoggerModelHandler - Setting level of logger [org.apache.tomcat.util.net.NioSelectorPool] to WARN
19:22:33,098 |-INFO in ch.qos.logback.classic.jul.LevelChangePropagator@39fa8ad2 - Propagating WARN level on Logger[org.apache.tomcat.util.net.NioSelectorPool] onto the JUL framework
19:22:33,098 |-INFO in ch.qos.logback.classic.model.processor.LoggerModelHandler - Setting level of logger [org.eclipse.jetty.util.component.AbstractLifeCycle] to ERROR
19:22:33,098 |-INFO in ch.qos.logback.classic.jul.LevelChangePropagator@39fa8ad2 - Propagating ERROR level on Logger[org.eclipse.jetty.util.component.AbstractLifeCycle] onto the JUL framework
19:22:33,098 |-INFO in ch.qos.logback.classic.model.processor.LoggerModelHandler - Setting level of logger [org.hibernate.validator.internal.util.Version] to WARN
19:22:33,098 |-INFO in ch.qos.logback.classic.jul.LevelChangePropagator@39fa8ad2 - Propagating WARN level on Logger[org.hibernate.validator.internal.util.Version] onto the JUL framework
19:22:33,099 |-INFO in ch.qos.logback.classic.model.processor.LoggerModelHandler - Setting level of logger [org.springframework.boot.actuate.endpoint.jmx] to WARN
19:22:33,099 |-INFO in ch.qos.logback.classic.jul.LevelChangePropagator@39fa8ad2 - Propagating WARN level on Logger[org.springframework.boot.actuate.endpoint.jmx] onto the JUL framework
19:22:33,099 |-INFO in ch.qos.logback.core.model.processor.AppenderModelHandler - Processing appender named [JSON_CONSOLE]
19:22:33,099 |-INFO in ch.qos.logback.core.model.processor.AppenderModelHandler - About to instantiate appender of type [ch.qos.logback.core.ConsoleAppender]
19:22:33,137 |-INFO in ch.qos.logback.core.model.processor.ImplicitModelHandler - Assuming default type [net.logstash.logback.fieldnames.LogstashFieldNames] for [fieldNames] property
19:22:33,146 |-WARN in ch.qos.logback.core.model.processor.ImplicitModelHandler - Ignoring unknown property [maxDepthPerCause] in [net.logstash.logback.stacktrace.ShortenedThrowableConverter]
19:22:33,635 |-WARN in ch.qos.logback.core.model.processor.AppenderModelHandler - Appender named [PLAIN_CONSOLE] not referenced. Skipping further processing.
19:22:33,635 |-INFO in ch.qos.logback.core.model.processor.AppenderModelHandler - Processing appender named [JSON_FILE]
19:22:33,635 |-INFO in ch.qos.logback.core.model.processor.AppenderModelHandler - About to instantiate appender of type [ch.qos.logback.core.rolling.RollingFileAppender]
19:22:33,651 |-INFO in c.q.l.core.rolling.TimeBasedRollingPolicy@1994249754 - setting totalSizeCap to 500 MB
19:22:33,665 |-INFO in c.q.l.core.rolling.TimeBasedRollingPolicy@1994249754 - Will use gz compression
19:22:33,667 |-INFO in c.q.l.core.rolling.TimeBasedRollingPolicy@1994249754 - Will use the pattern logs/application.%d{yyyy-MM-dd}.log for the active file
19:22:33,671 |-INFO in c.q.l.core.rolling.DefaultTimeBasedFileNamingAndTriggeringPolicy - The date pattern is 'yyyy-MM-dd' from file name pattern 'logs/application.%d{yyyy-MM-dd}.log.gz'.
19:22:33,671 |-INFO in c.q.l.core.rolling.DefaultTimeBasedFileNamingAndTriggeringPolicy - Roll-over at midnight.
19:22:33,672 |-INFO in c.q.l.core.rolling.DefaultTimeBasedFileNamingAndTriggeringPolicy - Setting initial period to 2026-06-04T21:18:42.252Z
19:22:33,688 |-INFO in ch.qos.logback.core.rolling.RollingFileAppender[JSON_FILE] - Active log file name: logs/application.log
19:22:33,688 |-INFO in ch.qos.logback.core.rolling.RollingFileAppender[JSON_FILE] - File property is set to [logs/application.log]
19:22:33,689 |-INFO in ch.qos.logback.classic.model.processor.RootLoggerModelHandler - Setting level of ROOT logger to INFO
19:22:33,689 |-INFO in ch.qos.logback.classic.jul.LevelChangePropagator@39fa8ad2 - Propagating INFO level on Logger[ROOT] onto the JUL framework
19:22:33,689 |-INFO in ch.qos.logback.core.model.processor.AppenderRefModelHandler - Attaching appender named [JSON_CONSOLE] to Logger[ROOT]
19:22:33,689 |-INFO in ch.qos.logback.core.model.processor.AppenderRefModelHandler - Attaching appender named [JSON_FILE] to Logger[ROOT]
19:22:33,689 |-INFO in ch.qos.logback.classic.model.processor.LoggerModelHandler - Setting level of logger [org.hibernate.SQL] to WARN
19:22:33,689 |-INFO in ch.qos.logback.classic.jul.LevelChangePropagator@39fa8ad2 - Propagating WARN level on Logger[org.hibernate.SQL] onto the JUL framework
19:22:33,690 |-INFO in ch.qos.logback.classic.model.processor.LoggerModelHandler - Setting level of logger [org.springframework.security] to WARN
19:22:33,690 |-INFO in ch.qos.logback.classic.jul.LevelChangePropagator@39fa8ad2 - Propagating WARN level on Logger[org.springframework.security] onto the JUL framework
19:22:33,690 |-INFO in ch.qos.logback.classic.model.processor.LoggerModelHandler - Setting level of logger [org.springframework.web] to INFO
19:22:33,690 |-INFO in ch.qos.logback.classic.jul.LevelChangePropagator@39fa8ad2 - Propagating INFO level on Logger[org.springframework.web] onto the JUL framework
19:22:33,690 |-INFO in ch.qos.logback.classic.model.processor.LoggerModelHandler - Setting level of logger [com.devsecops.usermgmt] to DEBUG
19:22:33,690 |-INFO in ch.qos.logback.classic.jul.LevelChangePropagator@39fa8ad2 - Propagating DEBUG level on Logger[com.devsecops.usermgmt] onto the JUL framework
19:22:33,690 |-INFO in ch.qos.logback.core.model.processor.DefaultProcessor@3f92a84e - End of configuration.
19:22:33,690 |-INFO in org.springframework.boot.logging.logback.SpringBootJoranConfigurator@cf67838 - Registering current configuration as safe fallback point


  .   ____          _            __ _ _
 /\\ / ___'_ __ _ _(_)_ __  __ _ \ \ \ \
( ( )\___ | '_ | '_| | '_ \/ _` | \ \ \ \
 \\/  ___)| |_)| | | | | || (_| |  ) ) ) )
  '  |____| .__|_| |_|_| |_\__, | / / / /
 =========|_|==============|___/=/_/_/_/
 :: Spring Boot ::                (v3.2.5)

{"timestamp":"2026-06-07T19:22:33.8983913+02:00","@version":"1","message":"Starting AdminControllerTest using Java 17.0.17 with PID 25728 (started by acer in C:\\Users\\acer\\Downloads\\Projet pfe\\repo)","logger":"com.devsecops.usermgmt.controller.AdminControllerTest","thread":"main","level":"INFO","APP_NAME":"api-devsecops-usermgmt","service":"api-devsecops-usermgmt"}
{"timestamp":"2026-06-07T19:22:33.9300389+02:00","@version":"1","message":"Running with Spring Boot v3.2.5, Spring v6.1.6","logger":"com.devsecops.usermgmt.controller.AdminControllerTest","thread":"main","level":"DEBUG","APP_NAME":"api-devsecops-usermgmt","service":"api-devsecops-usermgmt"}
{"timestamp":"2026-06-07T19:22:33.9330422+02:00","@version":"1","message":"No active profile set, falling back to 1 default profile: \"default\"","logger":"com.devsecops.usermgmt.controller.AdminControllerTest","thread":"main","level":"INFO","APP_NAME":"api-devsecops-usermgmt","service":"api-devsecops-usermgmt"}
{"timestamp":"2026-06-07T19:22:41.7419897+02:00","@version":"1","message":"Filter 'requestLoggingFilter' configured for use","logger":"com.devsecops.usermgmt.filter.RequestLoggingFilter","thread":"main","level":"DEBUG","APP_NAME":"api-devsecops-usermgmt","service":"api-devsecops-usermgmt"}
{"timestamp":"2026-06-07T19:22:41.7429865+02:00","@version":"1","message":"Filter 'rateLimitingFilter' configured for use","logger":"com.devsecops.usermgmt.filter.RateLimitingFilter","thread":"main","level":"DEBUG","APP_NAME":"api-devsecops-usermgmt","service":"api-devsecops-usermgmt"}
{"timestamp":"2026-06-07T19:22:41.7429865+02:00","@version":"1","message":"Filter 'jwtAuthenticationFilter' configured for use","logger":"com.devsecops.usermgmt.security.JwtAuthenticationFilter","thread":"main","level":"DEBUG","APP_NAME":"api-devsecops-usermgmt","service":"api-devsecops-usermgmt"}
{"timestamp":"2026-06-07T19:22:41.7620129+02:00","@version":"1","message":"Initializing Spring TestDispatcherServlet ''","logger":"org.springframework.boot.test.mock.web.SpringBootMockServletContext","thread":"main","level":"INFO","APP_NAME":"api-devsecops-usermgmt","service":"api-devsecops-usermgmt"}
{"timestamp":"2026-06-07T19:22:41.7620129+02:00","@version":"1","message":"Initializing Servlet ''","logger":"org.springframework.test.web.servlet.TestDispatcherServlet","thread":"main","level":"INFO","APP_NAME":"api-devsecops-usermgmt","service":"api-devsecops-usermgmt"}
{"timestamp":"2026-06-07T19:22:41.7650148+02:00","@version":"1","message":"Completed initialization in 1 ms","logger":"org.springframework.test.web.servlet.TestDispatcherServlet","thread":"main","level":"INFO","APP_NAME":"api-devsecops-usermgmt","service":"api-devsecops-usermgmt"}
{"timestamp":"2026-06-07T19:22:41.8447121+02:00","@version":"1","message":"Started AdminControllerTest in 9.502 seconds (process running for 11.891)","logger":"com.devsecops.usermgmt.controller.AdminControllerTest","thread":"main","level":"INFO","APP_NAME":"api-devsecops-usermgmt","service":"api-devsecops-usermgmt"}
{"timestamp":"2026-06-07T19:22:42.0708902+02:00","@version":"1","message":"No JWT token found in request","logger":"com.devsecops.usermgmt.security.JwtAuthenticationFilter","thread":"main","level":"DEBUG","APP_NAME":"api-devsecops-usermgmt","service":"api-devsecops-usermgmt"}

MockHttpServletRequest:
      HTTP Method = GET
      Request URI = /api/admin/users
       Parameters = {}
          Headers = []
             Body = null
    Session Attrs = {}

Handler:
             Type = null

Async:
    Async started = false
     Async result = null

Resolved Exception:
             Type = null

ModelAndView:
        View name = null
             View = null
            Model = null

FlashMap:
       Attributes = null

MockHttpServletResponse:
           Status = 401
    Error message = Missing authentication token
          Headers = [Vary:"Origin", "Access-Control-Request-Method", "Access-Control-Request-Headers", X-Content-Type-Options:"nosniff", X-XSS-Protection:"0", Cache-Control:"no-cache, no-store, max-age=0, must-revalidate", Pragma:"no-cache", Expires:"0", X-Frame-Options:"DENY"]
     Content type = null
             Body = 
    Forwarded URL = null
   Redirected URL = null
          Cookies = []
]]></system-out>
  </testcase>
  <testcase name="deleteUserAsAdminReturnsNoContent" classname="com.devsecops.usermgmt.controller.AdminControllerTest" time="0.039">
    <failure message="Status expected:&lt;204&gt; but was:&lt;401&gt;" type="java.lang.AssertionError"><![CDATA[java.lang.AssertionError: Status expected:<204> but was:<401>
	at org.springframework.test.util.AssertionErrors.fail(AssertionErrors.java:59)
	at org.springframework.test.util.AssertionErrors.assertEquals(AssertionErrors.java:122)
	at org.springframework.test.web.servlet.result.StatusResultMatchers.lambda$matcher$9(StatusResultMatchers.java:637)
	at org.springframework.test.web.servlet.MockMvc$1.andExpect(MockMvc.java:214)
	at com.devsecops.usermgmt.controller.AdminControllerTest.deleteUserAsAdminReturnsNoContent(AdminControllerTest.java:102)
	at java.base/java.lang.reflect.Method.invoke(Method.java:569)
	at java.base/java.util.ArrayList.forEach(ArrayList.java:1511)
	at java.base/java.util.ArrayList.forEach(ArrayList.java:1511)
]]></failure>
    <system-out><![CDATA[{"timestamp":"2026-06-07T19:22:42.1690966+02:00","@version":"1","message":"No JWT token found in request","logger":"com.devsecops.usermgmt.security.JwtAuthenticationFilter","thread":"main","level":"DEBUG","APP_NAME":"api-devsecops-usermgmt","service":"api-devsecops-usermgmt"}

MockHttpServletRequest:
      HTTP Method = DELETE
      Request URI = /api/admin/users/1
       Parameters = {}
          Headers = []
             Body = null
    Session Attrs = {}

Handler:
             Type = null

Async:
    Async started = false
     Async result = null

Resolved Exception:
             Type = null

ModelAndView:
        View name = null
             View = null
            Model = null

FlashMap:
       Attributes = null

MockHttpServletResponse:
           Status = 401
    Error message = Missing authentication token
          Headers = [Vary:"Origin", "Access-Control-Request-Method", "Access-Control-Request-Headers", X-Content-Type-Options:"nosniff", X-XSS-Protection:"0", Cache-Control:"no-cache, no-store, max-age=0, must-revalidate", Pragma:"no-cache", Expires:"0", X-Frame-Options:"DENY"]
     Content type = null
             Body = 
    Forwarded URL = null
   Redirected URL = null
          Cookies = []
]]></system-out>
  </testcase>
  <testcase name="getAllUsersAsRegularUserIsForbidden" classname="com.devsecops.usermgmt.controller.AdminControllerTest" time="0.016">
    <failure message="Status expected:&lt;403&gt; but was:&lt;401&gt;" type="java.lang.AssertionError"><![CDATA[java.lang.AssertionError: Status expected:<403> but was:<401>
	at org.springframework.test.util.AssertionErrors.fail(AssertionErrors.java:59)
	at org.springframework.test.util.AssertionErrors.assertEquals(AssertionErrors.java:122)
	at org.springframework.test.web.servlet.result.StatusResultMatchers.lambda$matcher$9(StatusResultMatchers.java:637)
	at org.springframework.test.web.servlet.MockMvc$1.andExpect(MockMvc.java:214)
	at com.devsecops.usermgmt.controller.AdminControllerTest.getAllUsersAsRegularUserIsForbidden(AdminControllerTest.java:93)
	at java.base/java.lang.reflect.Method.invoke(Method.java:569)
	at java.base/java.util.ArrayList.forEach(ArrayList.java:1511)
	at java.base/java.util.ArrayList.forEach(ArrayList.java:1511)
]]></failure>
    <system-out><![CDATA[{"timestamp":"2026-06-07T19:22:42.1950713+02:00","@version":"1","message":"No JWT token found in request","logger":"com.devsecops.usermgmt.security.JwtAuthenticationFilter","thread":"main","level":"DEBUG","APP_NAME":"api-devsecops-usermgmt","service":"api-devsecops-usermgmt"}

MockHttpServletRequest:
      HTTP Method = GET
      Request URI = /api/admin/users
       Parameters = {}
          Headers = []
             Body = null
    Session Attrs = {}

Handler:
             Type = null

Async:
    Async started = false
     Async result = null

Resolved Exception:
             Type = null

ModelAndView:
        View name = null
             View = null
            Model = null

FlashMap:
       Attributes = null

MockHttpServletResponse:
           Status = 401
    Error message = Missing authentication token
          Headers = [Vary:"Origin", "Access-Control-Request-Method", "Access-Control-Request-Headers", X-Content-Type-Options:"nosniff", X-XSS-Protection:"0", Cache-Control:"no-cache, no-store, max-age=0, must-revalidate", Pragma:"no-cache", Expires:"0", X-Frame-Options:"DENY"]
     Content type = null
             Body = 
    Forwarded URL = null
   Redirected URL = null
          Cookies = []
]]></system-out>
  </testcase>
</testsuite>