<?xml version="1.0" encoding="UTF-8"?>
<testsuite xmlns:xsi="http://www.w3.org/2001/XMLSchema-instance" xsi:noNamespaceSchemaLocation="https://maven.apache.org/surefire/maven-surefire-plugin/xsd/surefire-test-report-3.0.xsd" version="3.0" name="com.devsecops.usermgmt.controller.UserControllerTest" time="1.776" tests="4" errors="0" skipped="0" failures="0">
  <properties>
[...]
</properties>
  <testcase name="updateCurrentUserReturnsOk" classname="com.devsecops.usermgmt.controller.UserControllerTest" time="0.112">
    <system-out><![CDATA[{"timestamp":"2026-06-07T19:31:21.0495351+02:00","@version":"1","message":"Could not detect default configuration classes for test class [com.devsecops.usermgmt.controller.UserControllerTest]: UserControllerTest does not declare any static, non-private, non-final, nested classes annotated with @Configuration.","logger":"org.springframework.test.context.support.AnnotationConfigContextLoaderUtils","thread":"main","level":"INFO","APP_NAME":"api-devsecops-usermgmt","service":"api-devsecops-usermgmt"}
{"timestamp":"2026-06-07T19:31:21.107618+02:00","@version":"1","message":"Found @SpringBootConfiguration com.devsecops.usermgmt.ApiDevsecopsApplication for test class com.devsecops.usermgmt.controller.UserControllerTest","logger":"org.springframework.boot.test.context.SpringBootTestContextBootstrapper","thread":"main","level":"INFO","APP_NAME":"api-devsecops-usermgmt","service":"api-devsecops-usermgmt"}

  .   ____          _            __ _ _
 /\\ / ___'_ __ _ _(_)_ __  __ _ \ \ \ \
( ( )\___ | '_ | '_| | '_ \/ _` | \ \ \ \
 \\/  ___)| |_)| | | | | || (_| |  ) ) ) )
  '  |____| .__|_| |_|_| |_\__, | / / / /
 =========|_|==============|___/=/_/_/_/
 :: Spring Boot ::                (v3.2.5)

{"timestamp":"2026-06-07T19:31:21.2613085+02:00","@version":"1","message":"Starting UserControllerTest using Java 21.0.10 with PID 30076 (started by acer in C:\\Users\\acer\\Downloads\\Projet pfe\\repo)","logger":"com.devsecops.usermgmt.controller.UserControllerTest","thread":"main","level":"INFO","APP_NAME":"api-devsecops-usermgmt","service":"api-devsecops-usermgmt"}
{"timestamp":"2026-06-07T19:31:21.2613085+02:00","@version":"1","message":"Running with Spring Boot v3.2.5, Spring v6.1.6","logger":"com.devsecops.usermgmt.controller.UserControllerTest","thread":"main","level":"DEBUG","APP_NAME":"api-devsecops-usermgmt","service":"api-devsecops-usermgmt"}
{"timestamp":"2026-06-07T19:31:21.2623065+02:00","@version":"1","message":"No active profile set, falling back to 1 default profile: \"default\"","logger":"com.devsecops.usermgmt.controller.UserControllerTest","thread":"main","level":"INFO","APP_NAME":"api-devsecops-usermgmt","service":"api-devsecops-usermgmt"}
{"timestamp":"2026-06-07T19:31:22.5591524+02:00","@version":"1","message":"\r\n\r\nUsing generated security password: 878d9aee-0bf6-4cd7-bb7b-db4cf836bd27\r\n\r\nThis generated password is for development use only. Your security configuration must be updated before running your application in production.\r\n","logger":"org.springframework.boot.autoconfigure.security.servlet.UserDetailsServiceAutoConfiguration","thread":"main","level":"WARN","APP_NAME":"api-devsecops-usermgmt","service":"api-devsecops-usermgmt"}
{"timestamp":"2026-06-07T19:31:22.5696744+02:00","@version":"1","message":"Filter 'requestLoggingFilter' configured for use","logger":"com.devsecops.usermgmt.filter.RequestLoggingFilter","thread":"main","level":"DEBUG","APP_NAME":"api-devsecops-usermgmt","service":"api-devsecops-usermgmt"}
{"timestamp":"2026-06-07T19:31:22.5696744+02:00","@version":"1","message":"Filter 'rateLimitingFilter' configured for use","logger":"com.devsecops.usermgmt.filter.RateLimitingFilter","thread":"main","level":"DEBUG","APP_NAME":"api-devsecops-usermgmt","service":"api-devsecops-usermgmt"}
{"timestamp":"2026-06-07T19:31:22.5706744+02:00","@version":"1","message":"Filter 'jwtAuthenticationFilter' configured for use","logger":"com.devsecops.usermgmt.security.JwtAuthenticationFilter","thread":"main","level":"DEBUG","APP_NAME":"api-devsecops-usermgmt","service":"api-devsecops-usermgmt"}
{"timestamp":"2026-06-07T19:31:22.5706744+02:00","@version":"1","message":"Initializing Spring TestDispatcherServlet ''","logger":"org.springframework.boot.test.mock.web.SpringBootMockServletContext","thread":"main","level":"INFO","APP_NAME":"api-devsecops-usermgmt","service":"api-devsecops-usermgmt"}
{"timestamp":"2026-06-07T19:31:22.5706744+02:00","@version":"1","message":"Initializing Servlet ''","logger":"org.springframework.test.web.servlet.TestDispatcherServlet","thread":"main","level":"INFO","APP_NAME":"api-devsecops-usermgmt","service":"api-devsecops-usermgmt"}
{"timestamp":"2026-06-07T19:31:22.5721848+02:00","@version":"1","message":"Completed initialization in 2 ms","logger":"org.springframework.test.web.servlet.TestDispatcherServlet","thread":"main","level":"INFO","APP_NAME":"api-devsecops-usermgmt","service":"api-devsecops-usermgmt"}
{"timestamp":"2026-06-07T19:31:22.5817183+02:00","@version":"1","message":"Started UserControllerTest in 1.468 seconds (process running for 16.31)","logger":"com.devsecops.usermgmt.controller.UserControllerTest","thread":"main","level":"INFO","APP_NAME":"api-devsecops-usermgmt","service":"api-devsecops-usermgmt"}
{"timestamp":"2026-06-07T19:31:22.6946202+02:00","@version":"1","message":"HTTP PUT /api/users/me -> 200 (47ms)","logger":"com.devsecops.usermgmt.filter.RequestLoggingFilter","thread":"main","level":"INFO","APP_NAME":"api-devsecops-usermgmt","traceId":"aae855a7-514f-42e5-810e-685eb6a8fd82","duration":"47ms","path":"/api/users/me","method":"PUT","requestId":"67f1f148-9614-45ef-899b-2c39a522fdfb","service":"api-devsecops-usermgmt"}
]]></system-out>
  </testcase>
  <testcase name="getCurrentUserReturnsOk" classname="com.devsecops.usermgmt.controller.UserControllerTest" time="0.015">
    <system-out><![CDATA[{"timestamp":"2026-06-07T19:31:22.7121515+02:00","@version":"1","message":"HTTP GET /api/users/me -> 200 (4ms)","logger":"com.devsecops.usermgmt.filter.RequestLoggingFilter","thread":"main","level":"INFO","APP_NAME":"api-devsecops-usermgmt","traceId":"1084afba-bf57-4c0b-9edb-7a901a7fbf20","duration":"4ms","path":"/api/users/me","method":"GET","requestId":"3a00cb5c-ec0d-4315-87ba-38369514a302","service":"api-devsecops-usermgmt"}
]]></system-out>
  </testcase>
  <testcase name="unauthenticatedAccessIsRejected" classname="com.devsecops.usermgmt.controller.UserControllerTest" time="0.032"/>
  <testcase name="getUserByIdAuthorizedReturnsOk" classname="com.devsecops.usermgmt.controller.UserControllerTest" time="0.058">
    <system-out><![CDATA[{"timestamp":"2026-06-07T19:31:22.8088272+02:00","@version":"1","message":"HTTP GET /api/users/1 -> 200 (28ms)","logger":"com.devsecops.usermgmt.filter.RequestLoggingFilter","thread":"main","level":"INFO","APP_NAME":"api-devsecops-usermgmt","traceId":"77c5a060-e0ee-44fe-9227-b18f879fd356","duration":"28ms","path":"/api/users/1","method":"GET","requestId":"021122ef-8b82-4751-b3e6-d20ec8534dd0","service":"api-devsecops-usermgmt"}
]]></system-out>
  </testcase>
</testsuite>